2020-10-19 16:06:12,029 INFO [SpringContextShutdownHook][ExecutorConfigurationSupport.java:218] - Shutting down ExecutorService 'taskScheduler'
2020-10-19 16:06:17,357 INFO [main][StartupInfoLogger.java:55] - Starting ZhxyApplication on DESKTOP-JH5I8O2 with PID 12544 (G:\javaTset\yz\target\classes started by 15531 in G:\javaTset\yz)
2020-10-19 16:06:17,371 INFO [main][SpringApplication.java:655] - The following profiles are active: dev
2020-10-19 16:06:18,332 INFO [main][RepositoryConfigurationDelegate.java:249] - Multiple Spring Data modules found, entering strict repository configuration mode!
2020-10-19 16:06:18,337 INFO [main][RepositoryConfigurationDelegate.java:127] - Bootstrapping Spring Data Redis repositories in DEFAULT mode.
2020-10-19 16:06:18,369 INFO [main][RepositoryConfigurationDelegate.java:187] - Finished Spring Data repository scanning in 17ms. Found 0 Redis repository interfaces.
2020-10-19 16:06:18,791 INFO [main][PostProcessorRegistrationDelegate.java:335] - Bean 'redisConfig' of type [com.yz.zhxy.config.RedisConfig$$EnhancerBySpringCGLIB$$8591ba6e] is not eligible for getting processed by all BeanPostProcessors (for example: not eligible for auto-proxying)
2020-10-19 16:06:19,085 INFO [main][TomcatWebServer.java:108] - Tomcat initialized with port(s): 8081 (http)
2020-10-19 16:06:19,093 INFO [main][DirectJDKLog.java:173] - Initializing ProtocolHandler ["http-nio-8081"]
2020-10-19 16:06:19,094 INFO [main][DirectJDKLog.java:173] - Starting service [Tomcat]
2020-10-19 16:06:19,094 INFO [main][DirectJDKLog.java:173] - Starting Servlet engine: [Apache Tomcat/9.0.38]
2020-10-19 16:06:19,223 INFO [main][DirectJDKLog.java:173] - Initializing Spring embedded WebApplicationContext
2020-10-19 16:06:19,224 INFO [main][ServletWebServerApplicationContext.java:285] - Root WebApplicationContext: initialization completed in 1748 ms
2020-10-19 16:06:20,247 INFO [main][PropertySourcedRequestMappingHandlerMapping.java:69] - Mapped URL path [/v2/api-docs] onto method [springfox.documentation.swagger2.web.Swagger2Controller#getDocumentation(String, HttpServletRequest)]
2020-10-19 16:06:20,520 INFO [main][ExecutorConfigurationSupport.java:181] - Initializing ExecutorService 'taskScheduler'
2020-10-19 16:06:20,541 WARN [main][ThymeleafAutoConfiguration.java:106] - Cannot find template location: classpath:/templates/ (please add some templates or check your Thymeleaf configuration)
2020-10-19 16:06:20,594 INFO [main][DirectJDKLog.java:173] - Starting ProtocolHandler ["http-nio-8081"]
2020-10-19 16:06:20,615 INFO [main][TomcatWebServer.java:220] - Tomcat started on port(s): 8081 (http) with context path ''
2020-10-19 16:06:20,616 INFO [main][DocumentationPluginsBootstrapper.java:160] - Context refreshed
2020-10-19 16:06:20,632 INFO [main][DocumentationPluginsBootstrapper.java:163] - Found 1 custom documentation plugin(s)
2020-10-19 16:06:20,664 INFO [main][ApiListingReferenceScanner.java:41] - Scanning for api listing references
2020-10-19 16:06:20,784 INFO [main][CachingOperationNameGenerator.java:40] - Generating unique operation named: loginUsingPOST_1
2020-10-19 16:06:20,811 INFO [main][StartupInfoLogger.java:61] - Started ZhxyApplication in 3.98 seconds (JVM running for 5.4)
2020-10-19 16:08:38,498 INFO [http-nio-8081-exec-1][DirectJDKLog.java:173] - Initializing Spring DispatcherServlet 'dispatcherServlet'
2020-10-19 16:08:38,498 INFO [http-nio-8081-exec-1][FrameworkServlet.java:525] - Initializing Servlet 'dispatcherServlet'
2020-10-19 16:08:38,505 INFO [http-nio-8081-exec-1][FrameworkServlet.java:547] - Completed initialization in 6 ms
2020-10-19 16:09:38,240 INFO [http-nio-8081-exec-1][DruidDataSource.java:928] - {dataSource-1} inited
2020-10-19 16:16:12,327 INFO [SpringContextShutdownHook][ExecutorConfigurationSupport.java:218] - Shutting down ExecutorService 'taskScheduler'
2020-10-19 16:16:12,335 INFO [SpringContextShutdownHook][DruidDataSource.java:1823] - {dataSource-1} closed
2020-10-19 16:16:16,237 INFO [main][StartupInfoLogger.java:55] - Starting ZhxyApplication on DESKTOP-JH5I8O2 with PID 3008 (G:\javaTset\yz\target\classes started by 15531 in G:\javaTset\yz)
2020-10-19 16:16:16,251 INFO [main][SpringApplication.java:655] - The following profiles are active: dev
2020-10-19 16:16:17,095 INFO [main][RepositoryConfigurationDelegate.java:249] - Multiple Spring Data modules found, entering strict repository configuration mode!
2020-10-19 16:16:17,098 INFO [main][RepositoryConfigurationDelegate.java:127] - Bootstrapping Spring Data Redis repositories in DEFAULT mode.
2020-10-19 16:16:17,122 INFO [main][RepositoryConfigurationDelegate.java:187] - Finished Spring Data repository scanning in 12ms. Found 0 Redis repository interfaces.
2020-10-19 16:16:17,470 INFO [main][PostProcessorRegistrationDelegate.java:335] - Bean 'redisConfig' of type [com.yz.zhxy.config.RedisConfig$$EnhancerBySpringCGLIB$$bedc436d] is not eligible for getting processed by all BeanPostProcessors (for example: not eligible for auto-proxying)
2020-10-19 16:16:17,738 INFO [main][TomcatWebServer.java:108] - Tomcat initialized with port(s): 8081 (http)
2020-10-19 16:16:17,745 INFO [main][DirectJDKLog.java:173] - Initializing ProtocolHandler ["http-nio-8081"]
2020-10-19 16:16:17,746 INFO [main][DirectJDKLog.java:173] - Starting service [Tomcat]
2020-10-19 16:16:17,746 INFO [main][DirectJDKLog.java:173] - Starting Servlet engine: [Apache Tomcat/9.0.38]
2020-10-19 16:16:17,867 INFO [main][DirectJDKLog.java:173] - Initializing Spring embedded WebApplicationContext
2020-10-19 16:16:17,868 INFO [main][ServletWebServerApplicationContext.java:285] - Root WebApplicationContext: initialization completed in 1509 ms
2020-10-19 16:16:18,837 INFO [main][PropertySourcedRequestMappingHandlerMapping.java:69] - Mapped URL path [/v2/api-docs] onto method [springfox.documentation.swagger2.web.Swagger2Controller#getDocumentation(String, HttpServletRequest)]
2020-10-19 16:16:19,127 INFO [main][ExecutorConfigurationSupport.java:181] - Initializing ExecutorService 'taskScheduler'
2020-10-19 16:16:19,147 WARN [main][ThymeleafAutoConfiguration.java:106] - Cannot find template location: classpath:/templates/ (please add some templates or check your Thymeleaf configuration)
2020-10-19 16:16:19,196 INFO [main][DirectJDKLog.java:173] - Starting ProtocolHandler ["http-nio-8081"]
2020-10-19 16:16:19,217 INFO [main][TomcatWebServer.java:220] - Tomcat started on port(s): 8081 (http) with context path ''
2020-10-19 16:16:19,218 INFO [main][DocumentationPluginsBootstrapper.java:160] - Context refreshed
2020-10-19 16:16:19,232 INFO [main][DocumentationPluginsBootstrapper.java:163] - Found 1 custom documentation plugin(s)
2020-10-19 16:16:19,259 INFO [main][ApiListingReferenceScanner.java:41] - Scanning for api listing references
2020-10-19 16:16:19,344 INFO [main][CachingOperationNameGenerator.java:40] - Generating unique operation named: loginUsingPOST_1
2020-10-19 16:16:19,369 INFO [main][StartupInfoLogger.java:61] - Started ZhxyApplication in 3.647 seconds (JVM running for 4.738)
2020-10-19 16:16:33,489 INFO [http-nio-8081-exec-1][DirectJDKLog.java:173] - Initializing Spring DispatcherServlet 'dispatcherServlet'
2020-10-19 16:16:33,489 INFO [http-nio-8081-exec-1][FrameworkServlet.java:525] - Initializing Servlet 'dispatcherServlet'
2020-10-19 16:16:33,495 INFO [http-nio-8081-exec-1][FrameworkServlet.java:547] - Completed initialization in 6 ms
2020-10-19 16:16:39,190 INFO [http-nio-8081-exec-1][DruidDataSource.java:928] - {dataSource-1} inited
2020-10-19 16:19:25,989 INFO [SpringContextShutdownHook][ExecutorConfigurationSupport.java:218] - Shutting down ExecutorService 'taskScheduler'
2020-10-19 16:19:25,995 INFO [SpringContextShutdownHook][DruidDataSource.java:1823] - {dataSource-1} closed
2020-10-19 16:19:29,944 INFO [main][StartupInfoLogger.java:55] - Starting ZhxyApplication on DESKTOP-JH5I8O2 with PID 10584 (G:\javaTset\yz\target\classes started by 15531 in G:\javaTset\yz)
2020-10-19 16:19:29,955 INFO [main][SpringApplication.java:655] - The following profiles are active: dev
2020-10-19 16:19:30,700 INFO [main][RepositoryConfigurationDelegate.java:249] - Multiple Spring Data modules found, entering strict repository configuration mode!
2020-10-19 16:19:30,703 INFO [main][RepositoryConfigurationDelegate.java:127] - Bootstrapping Spring Data Redis repositories in DEFAULT mode.
2020-10-19 16:19:30,728 INFO [main][RepositoryConfigurationDelegate.java:187] - Finished Spring Data repository scanning in 13ms. Found 0 Redis repository interfaces.
2020-10-19 16:19:31,075 INFO [main][PostProcessorRegistrationDelegate.java:335] - Bean 'redisConfig' of type [com.yz.zhxy.config.RedisConfig$$EnhancerBySpringCGLIB$$78bb791d] is not eligible for getting processed by all BeanPostProcessors (for example: not eligible for auto-proxying)
2020-10-19 16:19:31,351 INFO [main][TomcatWebServer.java:108] - Tomcat initialized with port(s): 8081 (http)
2020-10-19 16:19:31,359 INFO [main][DirectJDKLog.java:173] - Initializing ProtocolHandler ["http-nio-8081"]
2020-10-19 16:19:31,359 INFO [main][DirectJDKLog.java:173] - Starting service [Tomcat]
2020-10-19 16:19:31,359 INFO [main][DirectJDKLog.java:173] - Starting Servlet engine: [Apache Tomcat/9.0.38]
2020-10-19 16:19:31,432 INFO [main][DirectJDKLog.java:173] - Initializing Spring embedded WebApplicationContext
2020-10-19 16:19:31,432 INFO [main][ServletWebServerApplicationContext.java:285] - Root WebApplicationContext: initialization completed in 1389 ms
2020-10-19 16:19:32,529 INFO [main][PropertySourcedRequestMappingHandlerMapping.java:69] - Mapped URL path [/v2/api-docs] onto method [springfox.documentation.swagger2.web.Swagger2Controller#getDocumentation(String, HttpServletRequest)]
2020-10-19 16:19:32,800 INFO [main][ExecutorConfigurationSupport.java:181] - Initializing ExecutorService 'taskScheduler'
2020-10-19 16:19:32,821 WARN [main][ThymeleafAutoConfiguration.java:106] - Cannot find template location: classpath:/templates/ (please add some templates or check your Thymeleaf configuration)
2020-10-19 16:19:32,871 INFO [main][DirectJDKLog.java:173] - Starting ProtocolHandler ["http-nio-8081"]
2020-10-19 16:19:32,892 INFO [main][TomcatWebServer.java:220] - Tomcat started on port(s): 8081 (http) with context path ''
2020-10-19 16:19:32,893 INFO [main][DocumentationPluginsBootstrapper.java:160] - Context refreshed
2020-10-19 16:19:32,909 INFO [main][DocumentationPluginsBootstrapper.java:163] - Found 1 custom documentation plugin(s)
2020-10-19 16:19:32,937 INFO [main][ApiListingReferenceScanner.java:41] - Scanning for api listing references
2020-10-19 16:19:33,022 INFO [main][CachingOperationNameGenerator.java:40] - Generating unique operation named: loginUsingPOST_1
2020-10-19 16:19:33,048 INFO [main][StartupInfoLogger.java:61] - Started ZhxyApplication in 3.614 seconds (JVM running for 4.796)
2020-10-19 16:19:44,254 INFO [http-nio-8081-exec-1][DirectJDKLog.java:173] - Initializing Spring DispatcherServlet 'dispatcherServlet'
2020-10-19 16:19:44,254 INFO [http-nio-8081-exec-1][FrameworkServlet.java:525] - Initializing Servlet 'dispatcherServlet'
2020-10-19 16:19:44,261 INFO [http-nio-8081-exec-1][FrameworkServlet.java:547] - Completed initialization in 7 ms
2020-10-19 16:19:48,883 INFO [http-nio-8081-exec-1][DruidDataSource.java:928] - {dataSource-1} inited
2020-10-19 16:52:21,904 INFO [SpringContextShutdownHook][ExecutorConfigurationSupport.java:218] - Shutting down ExecutorService 'taskScheduler'
2020-10-19 16:52:21,912 INFO [SpringContextShutdownHook][DruidDataSource.java:1823] - {dataSource-1} closed
